<?xml version="1.0" encoding="UTF-8"?>
<!-- Generated by org.testng.reporters.JUnitXMLReporter -->
<testsuite ignored="0" hostname="LAPTOP-R55IRKN0" failures="0" tests="1" name="Surefire test" time="0.087" errors="0" timestamp="2024-05-27T22:12:01 IST">
  <testcase classname="testBase.BaseClass" name="@BeforeClass setup" time="-1.716828121552E9">
    <failure type="org.testng.TestNGException" message="
Parameter &amp;apos;os&amp;apos; is required by BeforeClass on method setup but has not been marked @Optional or defined
">
      <![CDATA[org.testng.TestNGException: 
Parameter 'os' is required by BeforeClass on method setup but has not been marked @Optional or defined

at java.base/java.util.ArrayList.forEach(ArrayList.java:1511)
... Removed 27 stack frames]]>
    </failure>
  </testcase> <!-- @BeforeClass setup -->
  <testcase classname="testBase.BaseClass" name="@AfterClass tearDown" time="0.0">
    <skipped/>
  </testcase> <!-- @AfterClass tearDown -->
  <testcase classname="testCases.TC_001_LoginTest" name="verify_login_page" time="0.0">
    <skipped/>
  </testcase> <!-- verify_login_page -->
</testsuite> <!-- Surefire test -->
