-------------------------------------------------------------------------------
Test set: testCases.TC_001_LoginTest
-------------------------------------------------------------------------------
Tests run: 3, Failures: 1, Errors: 0, Skipped: 2, Time elapsed: 0.963 s <<< FAILURE! - in testCases.TC_001_LoginTest
testCases.TC_001_LoginTest.setup  Time elapsed: 0.641 s  <<< FAILURE!
org.testng.TestNGException: 

Parameter 'os' is required by BeforeClass on method setup but has not been marked @Optional or defined


